<?xml version="1.0" encoding="UTF-8"?>
<!-- Generated by org.testng.reporters.JUnitReportReporter -->
<testsuite hostname="Prathapreddy" failures="0" tests="1" name="practice.TC_vT_004Test" time="13.164" errors="0" timestamp="2023-03-08T11:21:02 IST" skipped="0">
  <testcase classname="practice.TC_vT_004Test" name="TestcasevT04Test" time="13.164"/>
  <system-out/>
</testsuite> <!-- practice.TC_vT_004Test -->
