<?xml version="1.0" encoding="UTF-8"?>
<!-- Generated by org.testng.reporters.JUnitReportReporter -->
<testsuite hostname="Prathapreddy" failures="0" tests="2" name="practice.TestNGPractice" time="0.018" errors="0" timestamp="2023-03-21T11:02:42 IST" skipped="0">
  <testcase classname="practice.TestNGPractice" name="sampletestscript" time="0.004"/>
  <system-out/>
  <testcase classname="practice.TestNGPractice" name="sample" time="0.014"/>
  <system-out/>
</testsuite> <!-- practice.TestNGPractice -->
