<?xml version="1.0" encoding="UTF-8"?>
<!-- Generated by org.testng.reporters.JUnitReportReporter -->
<testsuite hostname="Prathapreddy" failures="0" tests="1" name="practice.Readdatafromcmd" time="0.023" errors="0" timestamp="2023-03-20T12:55:51 IST" skipped="0">
  <testcase classname="practice.Readdatafromcmd" name="readdata" time="0.023"/>
  <system-out/>
</testsuite> <!-- practice.Readdatafromcmd -->
