<?xml version="1.0" encoding="UTF-8"?>
<!-- Generated by org.testng.reporters.JUnitReportReporter -->
<testsuite hostname="Prathapreddy" failures="0" tests="1" name="practice.TC_vT_002Test" time="45.424" errors="0" timestamp="2023-03-08T12:44:39 IST" skipped="0">
  <testcase classname="practice.TC_vT_002Test" name="createcontactTest" time="45.424"/>
  <system-out/>
</testsuite> <!-- practice.TC_vT_002Test -->
