<?xml version="1.0" encoding="UTF-8"?>
<!-- Generated by org.testng.reporters.JUnitReportReporter -->
<testsuite hostname="Prathapreddy" failures="0" tests="1" name="practice.TC_vT_001Test" time="9.262" errors="0" timestamp="2023-03-17T13:39:36 IST" skipped="0">
  <testcase classname="practice.TC_vT_001Test" name="logintest" time="9.262"/>
  <system-out/>
</testsuite> <!-- practice.TC_vT_001Test -->
